============================= test session starts ==============================
platform darwin -- Python 3.10.13, pytest-9.0.3, pluggy-1.6.0 -- <home>/.pyenv/versions/3.10.13/bin/python3
cachedir: .pytest_cache
rootdir: <home>/.dontpanic/worktrees/DontPanic-69cde678/2026-06-12-001-fix-audit-evidence-writer-hygiene
configfile: pyproject.toml
plugins: anyio-4.12.1, typeguard-4.5.1
collecting ... collected 7 items

dontpanic_orchestrate/tests/test_audit_evidence_writer_hygiene.py::TestF002AppendOnlyIterations::test_two_audits_write_two_iterations_first_preserved PASSED [ 14%]
dontpanic_orchestrate/tests/test_audit_evidence_writer_hygiene.py::TestF002AppendOnlyIterations::test_reader_returns_latest_iteration_verdict PASSED [ 28%]
dontpanic_orchestrate/tests/test_audit_evidence_writer_hygiene.py::TestF002AppendOnlyIterations::test_explicit_colliding_iteration_refuses_naming_file PASSED [ 42%]
dontpanic_orchestrate/tests/test_audit_evidence_writer_hygiene.py::TestF002AppendOnlyIterations::test_explicit_noncolliding_iteration_honoured PASSED [ 57%]
dontpanic_orchestrate/tests/test_audit_evidence_writer_hygiene.py::TestF002AppendOnlyIterations::test_envelope_iteration_field_matches_filename PASSED [ 71%]
dontpanic_orchestrate/tests/test_audit_evidence_writer_hygiene.py::TestF002AppendOnlyIterations::test_mixed_auditors_number_independently PASSED [ 85%]
dontpanic_orchestrate/tests/test_audit_evidence_writer_hygiene.py::TestF002AppendOnlyIterations::test_gate_entry_points_default_to_derived_iteration PASSED [100%]

============================== 7 passed in 0.16s ===============================

